
2024/09/05 (06:48:02) | ===> btop++ v.1.3.2
2024/09/05 (06:48:02) | WARNING: NVML: Failed to get maximum GPU power draw, defaulting to 225W: Not Supported

2024/09/06 (01:09:56) | ===> btop++ v.1.3.2
2024/09/06 (01:09:56) | WARNING: NVML: Failed to get maximum GPU power draw, defaulting to 225W: Not Supported

2024/09/07 (05:26:03) | ===> btop++ v.1.3.2
2024/09/07 (05:26:03) | WARNING: NVML: Failed to get maximum GPU power draw, defaulting to 225W: Not Supported

2024/09/09 (00:14:50) | ===> btop++ v.1.3.2
2024/09/09 (00:14:50) | WARNING: NVML: Failed to get maximum GPU power draw, defaulting to 225W: Not Supported

2024/09/12 (17:19:48) | ===> btop++ v.1.3.2
2024/09/12 (17:19:48) | WARNING: NVML: Failed to get maximum GPU power draw, defaulting to 225W: Not Supported

2024/10/01 (14:45:07) | ===> btop++ v.1.4.0
2024/10/01 (14:45:07) | WARNING: NVML: Failed to get maximum GPU power draw, defaulting to 225W: Not Supported

2024/10/07 (03:38:33) | ===> btop++ v.1.4.0
2024/10/07 (03:38:33) | WARNING: NVML: Failed to get maximum GPU power draw, defaulting to 225W: Not Supported

2024/10/07 (03:38:52) | ===> btop++ v.1.4.0
2024/10/07 (03:38:52) | WARNING: NVML: Failed to get maximum GPU power draw, defaulting to 225W: Not Supported

2024/10/07 (03:39:07) | ===> btop++ v.1.4.0
2024/10/07 (03:39:07) | WARNING: NVML: Failed to get maximum GPU power draw, defaulting to 225W: Not Supported

2024/10/07 (03:47:15) | ===> btop++ v.1.4.0
2024/10/07 (03:47:15) | WARNING: NVML: Failed to get maximum GPU power draw, defaulting to 225W: Not Supported

2024/10/07 (13:54:45) | ===> btop++ v.1.4.0
2024/10/07 (13:54:45) | WARNING: NVML: Failed to get maximum GPU power draw, defaulting to 225W: Not Supported

2024/10/22 (18:43:43) | ===> btop++ v.1.4.0
2024/10/22 (18:43:43) | WARNING: NVML: Failed to get maximum GPU power draw, defaulting to 225W: Not Supported

2024/11/04 (22:29:14) | ===> btop++ v.1.4.0
2024/11/04 (22:29:14) | WARNING: NVML: Failed to get maximum GPU power draw, defaulting to 225W: Not Supported

2024/11/06 (21:27:41) | ===> btop++ v.1.4.0
2024/11/06 (21:27:41) | WARNING: NVML: Failed to get maximum GPU power draw, defaulting to 225W: Not Supported

2025/01/03 (16:21:01) | ===> btop++ v.1.4.0
2025/01/03 (16:21:01) | WARNING: NVML: Failed to get maximum GPU power draw, defaulting to 225W: Not Supported

2025/01/03 (17:10:10) | ===> btop++ v.1.4.0
2025/01/03 (17:10:10) | WARNING: NVML: Failed to get maximum GPU power draw, defaulting to 225W: Not Supported

2025/01/14 (00:42:50) | ===> btop++ v.1.4.0
2025/01/14 (00:42:50) | WARNING: NVML: Failed to get maximum GPU power draw, defaulting to 225W: Not Supported

2025/02/11 (04:52:20) | ===> btop++ v.1.4.0
2025/02/11 (04:52:20) | WARNING: NVML: Failed to get maximum GPU power draw, defaulting to 225W: Not Supported

2025/02/12 (15:10:03) | ===> btop++ v.1.4.0
2025/02/12 (15:10:03) | WARNING: NVML: Failed to get maximum GPU power draw, defaulting to 225W: Not Supported

2025/02/18 (00:13:17) | ===> btop++ v.1.4.0
2025/02/18 (00:13:17) | WARNING: NVML: Failed to get maximum GPU power draw, defaulting to 225W: Not Supported

2025/03/06 (21:05:15) | ===> btop++ v.1.4.0
2025/03/06 (21:05:15) | WARNING: NVML: Failed to get maximum GPU power draw, defaulting to 225W: Not Supported

2025/03/10 (15:18:44) | ===> btop++ v.1.4.0
2025/03/10 (15:18:44) | WARNING: NVML: Failed to get maximum GPU power draw, defaulting to 225W: Not Supported

2025/03/17 (22:15:30) | ===> btop++ v.1.4.0
2025/03/17 (22:15:30) | WARNING: NVML: Failed to get maximum GPU power draw, defaulting to 225W: Not Supported
2025/03/17 (23:52:57) | WARNING: Failed to join _runner thread on exit!

2025/03/18 (03:56:18) | ===> btop++ v.1.4.0
2025/03/18 (03:56:18) | WARNING: NVML: Failed to get maximum GPU power draw, defaulting to 225W: Not Supported

2025/03/18 (04:00:51) | ===> btop++ v.1.4.0
2025/03/18 (04:00:51) | WARNING: NVML: Failed to get maximum GPU power draw, defaulting to 225W: Not Supported
2025/03/18 (05:23:45) | ERROR: Stall in Runner thread, restarting!

2025/03/18 (16:20:02) | ===> btop++ v.1.4.0
2025/03/18 (16:20:02) | WARNING: NVML: Failed to get maximum GPU power draw, defaulting to 225W: Not Supported

2025/03/27 (13:28:28) | ===> btop++ v.1.4.0
2025/03/27 (13:28:28) | WARNING: NVML: Failed to get maximum GPU power draw, defaulting to 225W: Not Supported

2025/03/28 (00:09:55) | ===> btop++ v.1.4.0
2025/03/28 (00:09:55) | WARNING: NVML: Failed to get maximum GPU power draw, defaulting to 225W: Not Supported
2025/03/28 (00:15:53) | ERROR: Couldn't determine terminal size of "STDOUT_FILENO"!

2025/04/08 (13:07:49) | ===> btop++ v.1.4.0
2025/04/08 (13:07:49) | WARNING: NVML: Failed to get maximum GPU power draw, defaulting to 225W: Not Supported

2025/04/08 (23:14:45) | ===> btop++ v.1.4.0
2025/04/08 (23:14:45) | WARNING: NVML: Failed to get maximum GPU power draw, defaulting to 225W: Not Supported

2025/04/09 (18:55:55) | ===> btop++ v.1.4.0
2025/04/09 (18:55:55) | WARNING: NVML: Failed to get maximum GPU power draw, defaulting to 225W: Not Supported

2025/04/24 (18:04:03) | ===> btop++ v.1.4.0
2025/04/24 (18:04:03) | WARNING: NVML: Failed to get maximum GPU power draw, defaulting to 225W: Not Supported
